
******************************************************************************
This program contains Ipopt, a library for large-scale nonlinear optimization.
 Ipopt is released as open source code under the Eclipse Public License (EPL).
         For more information visit http://projects.coin-or.org/Ipopt
******************************************************************************

This is Ipopt version 3.12.1, running with linear solver mumps.
NOTE: Other linear solvers might be more efficient (see Ipopt documentation).

Number of nonzeros in equality constraint Jacobian...:        0
Number of nonzeros in inequality constraint Jacobian.:        0
Number of nonzeros in Lagrangian Hessian.............:        0

Total number of variables............................:     2334
                     variables with only lower bounds:        0
                variables with lower and upper bounds:        0
                     variables with only upper bounds:        0
Total number of equality constraints.................:        0
Total number of inequality constraints...............:        0
        inequality constraints with only lower bounds:        0
   inequality constraints with lower and upper bounds:        0
        inequality constraints with only upper bounds:        0

iter    objective    inf_pr   inf_du lg(mu)  ||d||  lg(rg) alpha_du alpha_pr  ls
   0  3.4873122e+04 0.00e+00 1.00e+02   0.0 0.00e+00    -  0.00e+00 0.00e+00   0
   1  2.8003955e+04 0.00e+00 4.72e+01 -11.0 1.00e+02    -  1.00e+00 3.91e-03f  9
   2  2.0035382e+04 0.00e+00 1.24e+01 -11.0 8.35e-02    -  1.00e+00 1.00e+00f  1
   3  1.9182990e+04 0.00e+00 8.32e+00 -11.0 3.14e-02    -  1.00e+00 1.00e+00f  1
   4  1.8597577e+04 0.00e+00 6.92e+00 -11.0 4.98e-02    -  1.00e+00 1.00e+00f  1
   5  1.8081815e+04 0.00e+00 1.29e+01 -11.0 7.61e-02    -  1.00e+00 1.00e+00f  1
   6  1.7685303e+04 0.00e+00 1.02e+01 -11.0 1.40e-01    -  1.00e+00 5.00e-01f  2
   7  1.7220902e+04 0.00e+00 1.79e+01 -11.0 1.18e-01    -  1.00e+00 1.00e+00f  1
   8  1.6920223e+04 0.00e+00 1.90e+01 -11.0 1.38e-01    -  1.00e+00 1.00e+00f  1
   9  1.6252208e+04 0.00e+00 7.04e+00 -11.0 8.84e-02    -  1.00e+00 1.00e+00f  1
iter    objective    inf_pr   inf_du lg(mu)  ||d||  lg(rg) alpha_du alpha_pr  ls
  10  1.6142390e+04 0.00e+00 1.08e+01 -11.0 5.36e-02    -  1.00e+00 1.00e+00f  1
  11  1.6089414e+04 0.00e+00 2.10e+01 -11.0 6.78e-02    -  1.00e+00 1.00e+00f  1
  12  1.5576924e+04 0.00e+00 8.00e+00 -11.0 8.23e-02    -  1.00e+00 1.00e+00f  1
  13  1.5277277e+04 0.00e+00 8.97e+00 -11.0 7.41e-02    -  1.00e+00 1.00e+00f  1
  14  1.5241934e+04 0.00e+00 1.62e+01 -11.0 1.27e-01    -  1.00e+00 1.00e+00f  1
  15  1.4806907e+04 0.00e+00 1.37e+01 -11.0 8.02e-02    -  1.00e+00 1.00e+00f  1
  16  1.4468628e+04 0.00e+00 6.93e+00 -11.0 7.82e-02    -  1.00e+00 1.00e+00f  1
  17  1.4312523e+04 0.00e+00 8.09e+00 -11.0 5.10e-02    -  1.00e+00 1.00e+00f  1
  18  1.4200506e+04 0.00e+00 7.17e+00 -11.0 4.40e-02    -  1.00e+00 1.00e+00f  1
  19  1.4193430e+04 0.00e+00 3.08e+01 -11.0 7.87e-02    -  1.00e+00 1.00e+00f  1
iter    objective    inf_pr   inf_du lg(mu)  ||d||  lg(rg) alpha_du alpha_pr  ls
  20  1.4046352e+04 0.00e+00 6.66e+00 -11.0 1.14e-01    -  1.00e+00 1.00e+00f  1
  21  1.4000189e+04 0.00e+00 5.53e+00 -11.0 4.06e-02    -  1.00e+00 1.00e+00f  1
  22  1.3971478e+04 0.00e+00 4.37e+00 -11.0 3.87e-02    -  1.00e+00 1.00e+00f  1
  23  1.3963091e+04 0.00e+00 9.50e+00 -11.0 1.05e-01    -  1.00e+00 1.00e+00f  1
  24  1.3924634e+04 0.00e+00 6.03e+00 -11.0 5.54e-02    -  1.00e+00 1.00e+00f  1
  25  1.3892311e+04 0.00e+00 3.56e+00 -11.0 4.08e-02    -  1.00e+00 1.00e+00f  1
  26  1.3866631e+04 0.00e+00 3.63e+00 -11.0 3.25e-02    -  1.00e+00 1.00e+00f  1
  27  1.3840076e+04 0.00e+00 8.66e+00 -11.0 1.85e-01    -  1.00e+00 5.00e-01f  2
  28  1.3819042e+04 0.00e+00 1.05e+01 -11.0 1.57e-01    -  1.00e+00 5.00e-01f  2
  29  1.3777151e+04 0.00e+00 9.16e+00 -11.0 7.35e-02    -  1.00e+00 1.00e+00f  1
iter    objective    inf_pr   inf_du lg(mu)  ||d||  lg(rg) alpha_du alpha_pr  ls
  30  1.3752285e+04 0.00e+00 1.84e+01 -11.0 7.02e-02    -  1.00e+00 1.00e+00f  1
  31  1.3723033e+04 0.00e+00 7.20e+00 -11.0 7.72e-02    -  1.00e+00 1.00e+00f  1
  32  1.3704723e+04 0.00e+00 3.78e+00 -11.0 2.69e-02    -  1.00e+00 1.00e+00f  1
  33  1.3693414e+04 0.00e+00 1.35e+00 -11.0 1.67e-02    -  1.00e+00 1.00e+00f  1
  34  1.3691327e+04 0.00e+00 1.79e+00 -11.0 5.00e-03    -  1.00e+00 1.00e+00f  1
  35  1.3689941e+04 0.00e+00 8.25e-01 -11.0 7.27e-03    -  1.00e+00 1.00e+00f  1
  36  1.3688762e+04 0.00e+00 2.07e+00 -11.0 2.44e-02    -  1.00e+00 5.00e-01f  2
  37  1.3688250e+04 0.00e+00 1.95e+00 -11.0 3.63e-02    -  1.00e+00 5.00e-01f  2
  38  1.3687850e+04 0.00e+00 1.18e+00 -11.0 1.15e-02    -  1.00e+00 1.00e+00f  1
  39  1.3687043e+04 0.00e+00 7.60e-01 -11.0 8.43e-03    -  1.00e+00 1.00e+00f  1
iter    objective    inf_pr   inf_du lg(mu)  ||d||  lg(rg) alpha_du alpha_pr  ls
  40  1.3686835e+04 0.00e+00 5.84e-01 -11.0 5.61e-03    -  1.00e+00 1.00e+00f  1
  41  1.3686679e+04 0.00e+00 4.69e-01 -11.0 5.07e-03    -  1.00e+00 1.00e+00f  1
  42  1.3686373e+04 0.00e+00 5.60e-01 -11.0 9.51e-03    -  1.00e+00 1.00e+00f  1
  43  1.3686145e+04 0.00e+00 5.00e-01 -11.0 3.39e-02    -  1.00e+00 2.50e-01f  3
  44  1.3685986e+04 0.00e+00 3.73e-01 -11.0 1.18e-02    -  1.00e+00 5.00e-01f  2
  45  1.3685885e+04 0.00e+00 4.16e-01 -11.0 4.61e-03    -  1.00e+00 1.00e+00f  1
  46  1.3685759e+04 0.00e+00 4.10e-01 -11.0 4.15e-03    -  1.00e+00 1.00e+00f  1
  47  1.3685709e+04 0.00e+00 3.17e-01 -11.0 1.48e-03    -  1.00e+00 1.00e+00f  1
  48  1.3685657e+04 0.00e+00 1.75e-01 -11.0 2.26e-03    -  1.00e+00 1.00e+00f  1
  49  1.3685645e+04 0.00e+00 3.41e-01 -11.0 2.86e-03    -  1.00e+00 1.00e+00f  1
iter    objective    inf_pr   inf_du lg(mu)  ||d||  lg(rg) alpha_du alpha_pr  ls
  50  1.3685577e+04 0.00e+00 3.19e-01 -11.0 3.46e-03    -  1.00e+00 1.00e+00f  1
  51  1.3685509e+04 0.00e+00 2.99e-01 -11.0 1.00e-02    -  1.00e+00 5.00e-01f  2
  52  1.3685431e+04 0.00e+00 4.60e-01 -11.0 1.75e-02    -  1.00e+00 5.00e-01f  2
  53  1.3685404e+04 0.00e+00 3.72e-01 -11.0 9.06e-03    -  1.00e+00 5.00e-01f  2
  54  1.3685351e+04 0.00e+00 4.08e-01 -11.0 6.47e-03    -  1.00e+00 1.00e+00f  1
  55  1.3685326e+04 0.00e+00 4.15e-01 -11.0 3.71e-03    -  1.00e+00 1.00e+00f  1
  56  1.3685287e+04 0.00e+00 1.96e-01 -11.0 2.39e-03    -  1.00e+00 1.00e+00f  1
  57  1.3685281e+04 0.00e+00 6.28e-02 -11.0 1.38e-03    -  1.00e+00 1.00e+00f  1

Number of Iterations....: 57

                                   (scaled)                 (unscaled)
Objective...............:   8.6890037118991370e+02    1.3685280911797130e+04
Dual infeasibility......:   6.2819747380117155e-02    9.8941825577506970e-01
Constraint violation....:   0.0000000000000000e+00    0.0000000000000000e+00
Complementarity.........:   0.0000000000000000e+00    0.0000000000000000e+00
Overall NLP error.......:   6.2819747380117155e-02    9.8941825577506970e-01


Number of objective function evaluations             = 121
Number of objective gradient evaluations             = 58
Number of equality constraint evaluations            = 0
Number of inequality constraint evaluations          = 0
Number of equality constraint Jacobian evaluations   = 0
Number of inequality constraint Jacobian evaluations = 0
Number of Lagrangian Hessian evaluations             = 0
Total CPU secs in IPOPT (w/o function evaluations)   =      0.931
Total CPU secs in NLP function evaluations           =      2.842

EXIT: Optimal Solution Found.
Running MDS on ./tutorial_data/MS_merged_chr7.csv

Removed indices: [291,292,293,294,295,296,297,298,299,300,301,302,303,304,305,372,374,375]

Number of interactions: 282035
Number of variables: 2334
Number of constraints: 0
Number of nonzero Jacobian elements: 0

Inferred scaling factor: 1.0


Writing to file ./tutorial_data/MS_chr7.txt
