
******************************************************************************
This program contains Ipopt, a library for large-scale nonlinear optimization.
 Ipopt is released as open source code under the Eclipse Public License (EPL).
         For more information visit http://projects.coin-or.org/Ipopt
******************************************************************************

This is Ipopt version 3.12.1, running with linear solver mumps.
NOTE: Other linear solvers might be more efficient (see Ipopt documentation).

Number of nonzeros in equality constraint Jacobian...:        0
Number of nonzeros in inequality constraint Jacobian.:        0
Number of nonzeros in Lagrangian Hessian.............:        0

Total number of variables............................:     2334
                     variables with only lower bounds:        0
                variables with lower and upper bounds:        0
                     variables with only upper bounds:        0
Total number of equality constraints.................:        0
Total number of inequality constraints...............:        0
        inequality constraints with only lower bounds:        0
   inequality constraints with lower and upper bounds:        0
        inequality constraints with only upper bounds:        0

iter    objective    inf_pr   inf_du lg(mu)  ||d||  lg(rg) alpha_du alpha_pr  ls
   0  2.5684859e+06 0.00e+00 1.00e+02   0.0 0.00e+00    -  0.00e+00 0.00e+00   0
   1  1.6235185e+05 0.00e+00 4.69e+01 -11.0 1.00e+02    -  1.00e+00 1.56e-02f  7
   2  9.1364830e+04 0.00e+00 7.08e+00 -11.0 5.77e-01    -  1.00e+00 1.00e+00f  1
   3  8.0634018e+04 0.00e+00 4.16e+00 -11.0 6.99e-02    -  1.00e+00 1.00e+00f  1
   4  7.8545652e+04 0.00e+00 4.04e+00 -11.0 6.02e-02    -  1.00e+00 1.00e+00f  1
   5  7.4092636e+04 0.00e+00 1.23e+01 -11.0 6.53e-01    -  1.00e+00 5.00e-01f  2
   6  6.5139524e+04 0.00e+00 8.61e+00 -11.0 1.95e-01    -  1.00e+00 1.00e+00f  1
   7  5.7279667e+04 0.00e+00 2.25e+01 -11.0 7.36e-01    -  1.00e+00 1.00e+00f  1
   8  3.7172101e+04 0.00e+00 1.27e+01 -11.0 4.04e-01    -  1.00e+00 1.00e+00f  1
   9  2.9329569e+04 0.00e+00 3.56e+00 -11.0 3.07e-01    -  1.00e+00 1.00e+00f  1
iter    objective    inf_pr   inf_du lg(mu)  ||d||  lg(rg) alpha_du alpha_pr  ls
  10  2.8173053e+04 0.00e+00 9.91e+00 -11.0 3.82e-01    -  1.00e+00 1.00e+00f  1
  11  2.2367533e+04 0.00e+00 3.73e+00 -11.0 1.85e-01    -  1.00e+00 1.00e+00f  1
  12  2.0497532e+04 0.00e+00 1.79e+00 -11.0 9.66e-02    -  1.00e+00 1.00e+00f  1
  13  1.9423979e+04 0.00e+00 3.12e+00 -11.0 1.18e-01    -  1.00e+00 1.00e+00f  1
  14  1.8351921e+04 0.00e+00 3.06e+00 -11.0 9.02e-02    -  1.00e+00 1.00e+00f  1
  15  1.7522866e+04 0.00e+00 2.59e+00 -11.0 1.32e-01    -  1.00e+00 1.00e+00f  1
  16  1.7086244e+04 0.00e+00 1.97e+00 -11.0 1.46e-01    -  1.00e+00 1.00e+00f  1
  17  1.6882921e+04 0.00e+00 3.90e+00 -11.0 9.22e-02    -  1.00e+00 1.00e+00f  1
  18  1.6731335e+04 0.00e+00 1.26e+00 -11.0 8.94e-02    -  1.00e+00 1.00e+00f  1
  19  1.6502267e+04 0.00e+00 1.49e+00 -11.0 5.49e-02    -  1.00e+00 1.00e+00f  1
iter    objective    inf_pr   inf_du lg(mu)  ||d||  lg(rg) alpha_du alpha_pr  ls
  20  1.6343717e+04 0.00e+00 1.22e+00 -11.0 4.53e-02    -  1.00e+00 1.00e+00f  1
  21  1.6278269e+04 0.00e+00 9.31e-01 -11.0 3.33e-02    -  1.00e+00 1.00e+00f  1
  22  1.6190296e+04 0.00e+00 7.09e-01 -11.0 1.25e-01    -  1.00e+00 5.00e-01f  2
  23  1.6165968e+04 0.00e+00 2.10e+00 -11.0 1.71e-01    -  1.00e+00 5.00e-01f  2
  24  1.6099270e+04 0.00e+00 1.13e+00 -11.0 1.18e-01    -  1.00e+00 1.00e+00f  1
  25  1.6035579e+04 0.00e+00 7.34e-01 -11.0 4.51e-02    -  1.00e+00 1.00e+00f  1
  26  1.5995344e+04 0.00e+00 1.08e+00 -11.0 3.03e-02    -  1.00e+00 1.00e+00f  1
  27  1.5973380e+04 0.00e+00 7.17e-01 -11.0 4.96e-02    -  1.00e+00 1.00e+00f  1
  28  1.5931314e+04 0.00e+00 5.02e-01 -11.0 2.48e-02    -  1.00e+00 1.00e+00f  1
  29  1.5918924e+04 0.00e+00 2.59e+00 -11.0 6.17e-02    -  1.00e+00 1.00e+00f  1
iter    objective    inf_pr   inf_du lg(mu)  ||d||  lg(rg) alpha_du alpha_pr  ls
  30  1.5898764e+04 0.00e+00 8.79e-01 -11.0 8.01e-02    -  1.00e+00 1.00e+00f  1
  31  1.5872936e+04 0.00e+00 1.18e+00 -11.0 5.28e-02    -  1.00e+00 1.00e+00f  1
  32  1.5815955e+04 0.00e+00 8.27e-01 -11.0 5.92e-02    -  1.00e+00 1.00e+00f  1
  33  1.5791220e+04 0.00e+00 1.17e+00 -11.0 4.36e-02    -  1.00e+00 1.00e+00f  1
  34  1.5748268e+04 0.00e+00 4.20e-01 -11.0 3.14e-02    -  1.00e+00 1.00e+00f  1
  35  1.5726204e+04 0.00e+00 6.57e-01 -11.0 3.32e-02    -  1.00e+00 1.00e+00f  1
  36  1.5722876e+04 0.00e+00 1.25e+00 -11.0 8.30e-02    -  1.00e+00 1.00e+00f  1
  37  1.5685511e+04 0.00e+00 9.29e-01 -11.0 5.54e-02    -  1.00e+00 1.00e+00f  1
  38  1.5656038e+04 0.00e+00 8.98e-01 -11.0 4.05e-02    -  1.00e+00 1.00e+00f  1
  39  1.5611319e+04 0.00e+00 1.29e+00 -11.0 3.47e-02    -  1.00e+00 1.00e+00f  1
iter    objective    inf_pr   inf_du lg(mu)  ||d||  lg(rg) alpha_du alpha_pr  ls
  40  1.5579521e+04 0.00e+00 6.44e-01 -11.0 7.39e-02    -  1.00e+00 5.00e-01f  2
  41  1.5552029e+04 0.00e+00 1.18e+00 -11.0 1.33e-01    -  1.00e+00 5.00e-01f  2
  42  1.5522371e+04 0.00e+00 8.48e-01 -11.0 4.46e-02    -  1.00e+00 1.00e+00f  1
  43  1.5499524e+04 0.00e+00 4.98e-01 -11.0 2.91e-02    -  1.00e+00 1.00e+00f  1
  44  1.5494250e+04 0.00e+00 1.08e+00 -11.0 3.14e-02    -  1.00e+00 1.00e+00f  1
  45  1.5476672e+04 0.00e+00 4.74e-01 -11.0 2.31e-02    -  1.00e+00 1.00e+00f  1
  46  1.5470003e+04 0.00e+00 6.20e-01 -11.0 2.60e-02    -  1.00e+00 1.00e+00f  1
  47  1.5456486e+04 0.00e+00 4.00e-01 -11.0 2.10e-02    -  1.00e+00 1.00e+00f  1
  48  1.5448527e+04 0.00e+00 5.66e-01 -11.0 3.32e-02    -  1.00e+00 1.00e+00f  1
  49  1.5448200e+04 0.00e+00 6.96e-01 -11.0 3.22e-02    -  1.00e+00 1.00e+00f  1
iter    objective    inf_pr   inf_du lg(mu)  ||d||  lg(rg) alpha_du alpha_pr  ls
  50  1.5441956e+04 0.00e+00 5.13e-01 -11.0 2.38e-02    -  1.00e+00 1.00e+00f  1
  51  1.5437100e+04 0.00e+00 3.19e-01 -11.0 2.59e-02    -  1.00e+00 1.00e+00f  1
  52  1.5432315e+04 0.00e+00 1.75e-01 -11.0 1.15e-02    -  1.00e+00 1.00e+00f  1
  53  1.5430624e+04 0.00e+00 1.97e-01 -11.0 8.44e-03    -  1.00e+00 1.00e+00f  1
  54  1.5429294e+04 0.00e+00 2.15e-01 -11.0 1.52e-02    -  1.00e+00 1.00e+00f  1
  55  1.5428400e+04 0.00e+00 2.05e-01 -11.0 2.39e-02    -  1.00e+00 5.00e-01f  2
  56  1.5427500e+04 0.00e+00 1.61e-01 -11.0 1.23e-02    -  1.00e+00 1.00e+00f  1
  57  1.5427211e+04 0.00e+00 2.00e-01 -11.0 1.79e-02    -  1.00e+00 1.00e+00f  1
  58  1.5425977e+04 0.00e+00 8.33e-02 -11.0 8.26e-03    -  1.00e+00 1.00e+00f  1
  59  1.5425396e+04 0.00e+00 5.27e-02 -11.0 5.01e-03    -  1.00e+00 1.00e+00f  1
iter    objective    inf_pr   inf_du lg(mu)  ||d||  lg(rg) alpha_du alpha_pr  ls
  60  1.5424960e+04 0.00e+00 9.15e-02 -11.0 5.05e-03    -  1.00e+00 1.00e+00f  1
  61  1.5424253e+04 0.00e+00 7.00e-02 -11.0 2.44e-02    -  1.00e+00 5.00e-01f  2
  62  1.5424198e+04 0.00e+00 1.99e-01 -11.0 7.61e-02    -  1.00e+00 2.50e-01f  3
  63  1.5423562e+04 0.00e+00 1.20e-01 -11.0 2.22e-02    -  1.00e+00 5.00e-01f  2
  64  1.5423508e+04 0.00e+00 2.85e-01 -11.0 1.45e-02    -  1.00e+00 1.00e+00f  1
  65  1.5422983e+04 0.00e+00 2.15e-01 -11.0 1.36e-02    -  1.00e+00 1.00e+00f  1
  66  1.5422355e+04 0.00e+00 1.43e-01 -11.0 6.24e-03    -  1.00e+00 1.00e+00f  1
  67  1.5421267e+04 0.00e+00 7.16e-02 -11.0 5.59e-03    -  1.00e+00 1.00e+00f  1
  68  1.5421086e+04 0.00e+00 5.15e-02 -11.0 3.14e-03    -  1.00e+00 1.00e+00f  1
  69  1.5420719e+04 0.00e+00 1.22e-01 -11.0 1.19e-02    -  1.00e+00 1.00e+00f  1
iter    objective    inf_pr   inf_du lg(mu)  ||d||  lg(rg) alpha_du alpha_pr  ls
  70  1.5420545e+04 0.00e+00 9.25e-02 -11.0 5.53e-02    -  1.00e+00 1.25e-01f  4
  71  1.5420301e+04 0.00e+00 1.28e-01 -11.0 1.75e-02    -  1.00e+00 5.00e-01f  2
  72  1.5420104e+04 0.00e+00 7.38e-02 -11.0 1.31e-02    -  1.00e+00 5.00e-01f  2
  73  1.5419897e+04 0.00e+00 6.28e-02 -11.0 9.86e-03    -  1.00e+00 1.00e+00f  1
  74  1.5419595e+04 0.00e+00 1.09e-01 -11.0 4.92e-03    -  1.00e+00 1.00e+00f  1
  75  1.5419530e+04 0.00e+00 2.37e-01 -11.0 6.60e-03    -  1.00e+00 1.00e+00f  1
  76  1.5419254e+04 0.00e+00 9.49e-02 -11.0 6.36e-03    -  1.00e+00 1.00e+00f  1
  77  1.5419046e+04 0.00e+00 4.99e-02 -11.0 4.61e-03    -  1.00e+00 1.00e+00f  1
  78  1.5418901e+04 0.00e+00 5.49e-02 -11.0 8.07e-03    -  1.00e+00 5.00e-01f  2
  79  1.5418580e+04 0.00e+00 7.13e-02 -11.0 2.45e-02    -  1.00e+00 5.00e-01f  2
iter    objective    inf_pr   inf_du lg(mu)  ||d||  lg(rg) alpha_du alpha_pr  ls
  80  1.5418346e+04 0.00e+00 2.18e-01 -11.0 8.02e-02    -  1.00e+00 1.25e-01f  4
  81  1.5418342e+04 0.00e+00 2.10e-01 -11.0 5.04e-02    -  1.00e+00 2.50e-01f  3
  82  1.5417987e+04 0.00e+00 2.47e-01 -11.0 3.10e-02    -  1.00e+00 5.00e-01f  2
  83  1.5417247e+04 0.00e+00 1.67e-01 -11.0 2.21e-02    -  1.00e+00 5.00e-01f  2
  84  1.5415846e+04 0.00e+00 2.78e-01 -11.0 1.83e-02    -  1.00e+00 5.00e-01f  2
  85  1.5414979e+04 0.00e+00 2.91e-01 -11.0 2.33e-02    -  1.00e+00 5.00e-01f  2
  86  1.5413742e+04 0.00e+00 1.64e-01 -11.0 9.11e-03    -  1.00e+00 1.00e+00f  1
  87  1.5412987e+04 0.00e+00 1.41e-01 -11.0 1.35e-02    -  1.00e+00 5.00e-01f  2
  88  1.5412507e+04 0.00e+00 2.15e-01 -11.0 1.55e-02    -  1.00e+00 1.00e+00f  1
  89  1.5411772e+04 0.00e+00 2.09e-01 -11.0 2.46e-02    -  1.00e+00 5.00e-01f  2
iter    objective    inf_pr   inf_du lg(mu)  ||d||  lg(rg) alpha_du alpha_pr  ls
  90  1.5410859e+04 0.00e+00 1.30e-01 -11.0 1.48e-02    -  1.00e+00 1.00e+00f  1
  91  1.5410371e+04 0.00e+00 8.97e-02 -11.0 9.14e-03    -  1.00e+00 1.00e+00f  1
  92  1.5409829e+04 0.00e+00 9.07e-02 -11.0 7.54e-03    -  1.00e+00 1.00e+00f  1
  93  1.5409389e+04 0.00e+00 9.49e-02 -11.0 1.39e-02    -  1.00e+00 1.00e+00f  1
  94  1.5409069e+04 0.00e+00 8.29e-02 -11.0 2.40e-02    -  1.00e+00 2.50e-01f  3
  95  1.5408771e+04 0.00e+00 1.05e-01 -11.0 1.25e-02    -  1.00e+00 1.00e+00f  1
  96  1.5408623e+04 0.00e+00 1.10e-01 -11.0 1.42e-02    -  1.00e+00 1.00e+00f  1
  97  1.5408017e+04 0.00e+00 5.89e-02 -11.0 7.54e-03    -  1.00e+00 1.00e+00f  1
  98  1.5407727e+04 0.00e+00 8.91e-02 -11.0 7.10e-03    -  1.00e+00 1.00e+00f  1
  99  1.5407716e+04 0.00e+00 9.76e-02 -11.0 1.59e-02    -  1.00e+00 5.00e-01f  2
iter    objective    inf_pr   inf_du lg(mu)  ||d||  lg(rg) alpha_du alpha_pr  ls
 100  1.5407300e+04 0.00e+00 5.62e-02 -11.0 8.39e-03    -  1.00e+00 1.00e+00f  1
 101  1.5407188e+04 0.00e+00 5.22e-02 -11.0 6.57e-03    -  1.00e+00 5.00e-01f  2
 102  1.5407021e+04 0.00e+00 6.31e-02 -11.0 6.84e-03    -  1.00e+00 1.00e+00f  1
 103  1.5406887e+04 0.00e+00 8.96e-02 -11.0 2.00e-02    -  1.00e+00 5.00e-01f  2
 104  1.5406589e+04 0.00e+00 1.31e-01 -11.0 1.38e-02    -  1.00e+00 5.00e-01f  2
 105  1.5406153e+04 0.00e+00 6.85e-02 -11.0 2.34e-02    -  1.00e+00 5.00e-01f  2
 106  1.5405932e+04 0.00e+00 1.44e-01 -11.0 1.81e-02    -  1.00e+00 5.00e-01f  2
 107  1.5405649e+04 0.00e+00 6.67e-02 -11.0 1.23e-02    -  1.00e+00 5.00e-01f  2
 108  1.5405475e+04 0.00e+00 7.93e-02 -11.0 8.60e-03    -  1.00e+00 5.00e-01f  2
 109  1.5405307e+04 0.00e+00 8.76e-02 -11.0 1.21e-02    -  1.00e+00 5.00e-01f  2
iter    objective    inf_pr   inf_du lg(mu)  ||d||  lg(rg) alpha_du alpha_pr  ls
 110  1.5405218e+04 0.00e+00 8.76e-02 -11.0 1.70e-02    -  1.00e+00 1.00e+00f  1
 111  1.5405010e+04 0.00e+00 9.40e-02 -11.0 1.79e-02    -  1.00e+00 5.00e-01f  2
 112  1.5404841e+04 0.00e+00 5.73e-02 -11.0 8.83e-03    -  1.00e+00 1.00e+00f  1
 113  1.5404682e+04 0.00e+00 4.31e-02 -11.0 6.51e-03    -  1.00e+00 1.00e+00f  1
 114  1.5404633e+04 0.00e+00 4.99e-02 -11.0 5.79e-03    -  1.00e+00 1.00e+00f  1
 115  1.5404536e+04 0.00e+00 5.83e-02 -11.0 9.61e-03    -  1.00e+00 1.00e+00f  1
 116  1.5404484e+04 0.00e+00 6.38e-02 -11.0 1.87e-02    -  1.00e+00 5.00e-01f  2
 117  1.5404405e+04 0.00e+00 8.46e-02 -11.0 6.20e-03    -  1.00e+00 1.00e+00f  1
 118  1.5404295e+04 0.00e+00 3.37e-02 -11.0 2.65e-03    -  1.00e+00 1.00e+00f  1
 119  1.5404265e+04 0.00e+00 3.18e-02 -11.0 2.89e-03    -  1.00e+00 1.00e+00f  1
iter    objective    inf_pr   inf_du lg(mu)  ||d||  lg(rg) alpha_du alpha_pr  ls
 120  1.5404247e+04 0.00e+00 1.39e-02 -11.0 1.62e-03    -  1.00e+00 1.00e+00f  1
 121  1.5404226e+04 0.00e+00 2.11e-02 -11.0 3.00e-03    -  1.00e+00 1.00e+00f  1
 122  1.5404216e+04 0.00e+00 3.14e-02 -11.0 5.33e-03    -  1.00e+00 5.00e-01f  2
 123  1.5404199e+04 0.00e+00 2.42e-02 -11.0 7.59e-03    -  1.00e+00 5.00e-01f  2
 124  1.5404178e+04 0.00e+00 2.37e-02 -11.0 9.01e-03    -  1.00e+00 5.00e-01f  2
 125  1.5404165e+04 0.00e+00 2.67e-02 -11.0 8.39e-03    -  1.00e+00 5.00e-01f  2
 126  1.5404159e+04 0.00e+00 5.86e-02 -11.0 7.14e-03    -  1.00e+00 1.00e+00f  1
 127  1.5404130e+04 0.00e+00 2.46e-02 -11.0 7.28e-03    -  1.00e+00 5.00e-01f  2
 128  1.5404125e+04 0.00e+00 3.44e-02 -11.0 2.65e-03    -  1.00e+00 1.00e+00f  1
 129  1.5404104e+04 0.00e+00 1.82e-02 -11.0 2.86e-03    -  1.00e+00 1.00e+00f  1
iter    objective    inf_pr   inf_du lg(mu)  ||d||  lg(rg) alpha_du alpha_pr  ls
 130  1.5404101e+04 0.00e+00 6.82e-03 -11.0 4.05e-03    -  1.00e+00 5.00e-01f  2

Number of Iterations....: 130

                                   (scaled)                 (unscaled)
Objective...............:   1.4536754684620658e+02    1.5404100582652967e+04
Dual infeasibility......:   6.8193056038035431e-03    7.2261843653434399e-01
Constraint violation....:   0.0000000000000000e+00    0.0000000000000000e+00
Complementarity.........:   0.0000000000000000e+00    0.0000000000000000e+00
Overall NLP error.......:   6.8193056038035431e-03    7.2261843653434399e-01


Number of objective function evaluations             = 348
Number of objective gradient evaluations             = 131
Number of equality constraint evaluations            = 0
Number of inequality constraint evaluations          = 0
Number of equality constraint Jacobian evaluations   = 0
Number of inequality constraint Jacobian evaluations = 0
Number of Lagrangian Hessian evaluations             = 0
Total CPU secs in IPOPT (w/o function evaluations)   =      1.833
Total CPU secs in NLP function evaluations           =      7.564

EXIT: Optimal Solution Found.
Running MDS on ./tutorial_data/ES_merged_chr7.csv

Removed indices: [291,292,293,294,295,296,297,298,299,300,301,302,303,304,305,316,374,375]

Number of interactions: 286933
Number of variables: 2334
Number of constraints: 0
Number of nonzero Jacobian elements: 0

Inferred scaling factor: 1.0


Writing to file ./tutorial_data/ES_chr7.txt
